  first_app.cpp
E:\Prog\VulkanEngine\VulkanVideos\model.hpp(7,10): error C1083: Cannot open include file: 'assimp/Importer.hpp': No such file or directory
  (compiling source file 'first_app.cpp')
  
  keyboard_movement_controller.cpp
E:\Prog\VulkanEngine\VulkanVideos\model.hpp(7,10): error C1083: Cannot open include file: 'assimp/Importer.hpp': No such file or directory
  (compiling source file 'keyboard_movement_controller.cpp')
  
  lve_buffer.cpp
  lve_camera.cpp
  lve_descriptor.cpp
E:\Prog\VulkanEngine\VulkanVideos\lve_descriptor.cpp(198,68): warning C4267: 'argument': conversion from 'size_t' to 'uint32_t', possible loss of data
  lve_game_object.cpp
E:\Prog\VulkanEngine\VulkanVideos\model.hpp(7,10): error C1083: Cannot open include file: 'assimp/Importer.hpp': No such file or directory
  (compiling source file 'lve_game_object.cpp')
  
  lve_model.cpp
E:\Prog\VulkanEngine\VulkanVideos\lve_model.cpp(3,10): error C1083: Cannot open include file: 'tiny_obj_loader.h': No such file or directory
  lve_renderer.cpp
E:\Prog\VulkanEngine\VulkanVideos\lve_renderer.hpp(45,76): warning C4267: 'return': conversion from 'size_t' to 'uint32_t', possible loss of data
  (compiling source file 'lve_renderer.cpp')
  
E:\Prog\VulkanEngine\VulkanVideos\lve_renderer.cpp(111,110): warning C4244: 'argument': conversion from 'float' to 'uint32_t', possible loss of data
  lve_swap_chain.cpp
  lve_texture.cpp
E:\Prog\VulkanEngine\VulkanVideos\lve_texture.cpp(17,7): warning C4101: 'channels': unreferenced local variable
E:\Prog\VulkanEngine\VulkanVideos\lve_texture.cpp(105,7): warning C4101: 'channels': unreferenced local variable
E:\Prog\VulkanEngine\VulkanVideos\lve_texture.cpp(268,26): warning C4018: '<': signed/unsigned mismatch
  main.cpp
E:\Prog\VulkanEngine\VulkanVideos\model.hpp(7,10): error C1083: Cannot open include file: 'assimp/Importer.hpp': No such file or directory
  (compiling source file 'main.cpp')
  
  lve_device.cpp
  model.cpp
E:\Prog\VulkanEngine\VulkanVideos\model.hpp(7,10): error C1083: Cannot open include file: 'assimp/Importer.hpp': No such file or directory
  (compiling source file 'model.cpp')
  
  pipeline.cpp
  point_light_system.cpp
E:\Prog\VulkanEngine\VulkanVideos\model.hpp(7,10): error C1083: Cannot open include file: 'assimp/Importer.hpp': No such file or directory
  (compiling source file 'point_light_system.cpp')
  
  simple_render_system.cpp
E:\Prog\VulkanEngine\VulkanVideos\model.hpp(7,10): error C1083: Cannot open include file: 'assimp/Importer.hpp': No such file or directory
  (compiling source file 'simple_render_system.cpp')
  
  TriangleMesh.cpp
E:\Prog\VulkanEngine\VulkanVideos\TriangleMesh.cpp(11,29): warning C4267: '=': conversion from 'size_t' to 'uint32_t', possible loss of data
E:\Prog\VulkanEngine\VulkanVideos\TriangleMesh.cpp(12,31): warning C4267: '=': conversion from 'size_t' to 'uint32_t', possible loss of data
  window.cpp
