e:\prog\vulkanengine\vulkanvideos\x64\debug\camera.obj
e:\prog\vulkanengine\vulkanvideos\x64\debug\first_app.obj
e:\prog\vulkanengine\vulkanvideos\x64\debug\gameobject.obj
e:\prog\vulkanengine\vulkanvideos\x64\debug\keyboard_movement_controller.obj
e:\prog\vulkanengine\vulkanvideos\x64\debug\lve_buffer.obj
e:\prog\vulkanengine\vulkanvideos\x64\debug\lve_camera.obj
e:\prog\vulkanengine\vulkanvideos\x64\debug\lve_descriptor.obj
e:\prog\vulkanengine\vulkanvideos\x64\debug\lve_device.obj
e:\prog\vulkanengine\vulkanvideos\x64\debug\lve_model.obj
e:\prog\vulkanengine\vulkanvideos\x64\debug\lve_renderer.obj
e:\prog\vulkanengine\vulkanvideos\x64\debug\lve_swap_chain.obj
e:\prog\vulkanengine\vulkanvideos\x64\debug\lve_texture.obj
e:\prog\vulkanengine\vulkanvideos\x64\debug\main.obj
e:\prog\vulkanengine\vulkanvideos\x64\debug\material.obj
e:\prog\vulkanengine\vulkanvideos\x64\debug\model.obj
e:\prog\vulkanengine\vulkanvideos\x64\debug\pipeline.obj
e:\prog\vulkanengine\vulkanvideos\x64\debug\point_light_system.obj
e:\prog\vulkanengine\vulkanvideos\x64\debug\scenemanager.obj
e:\prog\vulkanengine\vulkanvideos\x64\debug\window.obj
e:\prog\vulkanengine\vulkanvideos\x64\debug\vc143.idb
e:\prog\vulkanengine\vulkanvideos\x64\debug\vc143.pdb
e:\prog\vulkanengine\vulkanvideos\x64\debug\vulkanvideos.tlog\cl.command.1.tlog
